<?xml version="1.0" encoding="UTF-8"?>
<!-- Generated by org.testng.reporters.JUnitReportReporter -->
<testsuite skipped="0" hostname="LAPTOP-V8B65SR9" name="App.cricbuzzApp" tests="1" failures="0" timestamp="2021-01-18T23:28:07 IST" time="56.289" errors="0">
  <testcase name="testcase1" time="56.289" classname="App.cricbuzzApp"/>
  <system-out/>
</testsuite> <!-- App.cricbuzzApp -->
